<?xml version="1.0" encoding="UTF-8"?>
<!-- Generated by org.testng.reporters.JUnitReportReporter -->
<testsuite hostname="DESKTOP-01GTPB0" failures="0" tests="1" name="com.TestPackages.ReadExcelTest" time="0.558" errors="0" timestamp="2022-12-26T12:14:45 IST" skipped="0">
  <testcase classname="com.TestPackages.ReadExcelTest" name="readExcelTest" time="0.558"/>
  <system-out/>
</testsuite> <!-- com.TestPackages.ReadExcelTest -->
