<?xml version="1.0" encoding="UTF-8"?>
<!-- Generated by org.testng.reporters.JUnitReportReporter -->
<testsuite hostname="DESKTOP-01GTPB0" failures="0" tests="2" name="com.TestPackages.WriteExcelTest" time="0.943" errors="0" timestamp="2022-12-26T12:35:12 IST" skipped="0">
  <testcase classname="com.TestPackages.WriteExcelTest" name="writeExcelTest1" time="0.169"/>
  <system-out/>
  <testcase classname="com.TestPackages.WriteExcelTest" name="writeExcelTest" time="0.774"/>
  <system-out/>
</testsuite> <!-- com.TestPackages.WriteExcelTest -->
