<?xml version="1.0" encoding="UTF-8"?>
<!-- Generated by org.testng.reporters.JUnitReportReporter -->
<testsuite hostname="DESKTOP-01GTPB0" failures="0" tests="1" name="com.ReadExcel.ReadExcel" time="0.571" errors="0" timestamp="2022-12-26T12:11:06 IST" skipped="0">
  <testcase classname="com.ReadExcel.ReadExcel" name="readExcel" time="0.571"/>
  <system-out/>
</testsuite> <!-- com.ReadExcel.ReadExcel -->
